{"C:\\Users\\maris\\Desktop\\coding\\queen-pattys\\queen-pattys\\src\\Components\\Delivers\\Delivers.tsx": {"path":"C:\\Users\\maris\\Desktop\\coding\\queen-pattys\\queen-pattys\\src\\Components\\Delivers\\Delivers.tsx","statementMap":{"0":{"start":{"line":1,"column":0},"end":{"line":1,"column":53}},"1":{"start":{"line":2,"column":0},"end":{"line":2,"column":69}},"2":{"start":{"line":3,"column":0},"end":{"line":3,"column":62}},"3":{"start":{"line":4,"column":0},"end":{"line":4,"column":54}},"4":{"start":{"line":5,"column":0},"end":{"line":5,"column":70}},"5":{"start":{"line":6,"column":0},"end":{"line":6,"column":43}},"6":{"start":{"line":7,"column":0},"end":{"line":7,"column":62}},"7":{"start":{"line":8,"column":0},"end":{"line":8,"column":55}},"8":{"start":{"line":9,"column":0},"end":{"line":9,"column":47}},"9":{"start":{"line":36,"column":26},"end":{"line":36,"column":40}},"10":{"start":{"line":38,"column":26},"end":{"line":38,"column":38}},"11":{"start":{"line":40,"column":2},"end":{"line":121,"column":4}},"12":{"start":{"line":100,"column":22},"end":{"line":100,"column":51}},"13":{"start":{"line":101,"column":22},"end":{"line":101,"column":32}},"14":{"start":{"line":109,"column":35},"end":{"line":109,"column":44}},"15":{"start":{"line":125,"column":30},"end":{"line":125,"column":51}},"16":{"start":{"line":126,"column":48},"end":{"line":126,"column":77}},"17":{"start":{"line":127,"column":24},"end":{"line":127,"column":71}},"18":{"start":{"line":127,"column":45},"end":{"line":127,"column":70}},"19":{"start":{"line":128,"column":19},"end":{"line":128,"column":32}},"20":{"start":{"line":129,"column":23},"end":{"line":135,"column":3}},"21":{"start":{"line":130,"column":4},"end":{"line":130,"column":37}},"22":{"start":{"line":131,"column":4},"end":{"line":131,"column":null}},"23":{"start":{"line":132,"column":4},"end":{"line":134,"column":null}},"24":{"start":{"line":133,"column":6},"end":{"line":133,"column":20}},"25":{"start":{"line":136,"column":26},"end":{"line":136,"column":65}},"26":{"start":{"line":136,"column":32},"end":{"line":136,"column":65}},"27":{"start":{"line":139,"column":4},"end":{"line":145,"column":9}},"28":{"start":{"line":141,"column":8},"end":{"line":141,"column":24}},"29":{"start":{"line":144,"column":8},"end":{"line":144,"column":52}},"30":{"start":{"line":149,"column":4},"end":{"line":156,"column":9}},"31":{"start":{"line":151,"column":8},"end":{"line":151,"column":23}},"32":{"start":{"line":152,"column":8},"end":{"line":152,"column":26}},"33":{"start":{"line":155,"column":8},"end":{"line":155,"column":54}},"34":{"start":{"line":160,"column":4},"end":{"line":160,"column":null}},"35":{"start":{"line":163,"column":2},"end":{"line":165,"column":9}},"36":{"start":{"line":164,"column":4},"end":{"line":164,"column":19}},"37":{"start":{"line":167,"column":2},"end":{"line":231,"column":4}},"38":{"start":{"line":174,"column":32},"end":{"line":174,"column":108}},"39":{"start":{"line":175,"column":31},"end":{"line":175,"column":76}},"40":{"start":{"line":180,"column":10},"end":{"line":180,"column":null}},"41":{"start":{"line":194,"column":18},"end":{"line":196,"column":null}},"42":{"start":{"line":209,"column":33},"end":{"line":209,"column":61}},"43":{"start":{"line":224,"column":29},"end":{"line":224,"column":53}},"44":{"start":{"line":124,"column":0},"end":{"line":124,"column":16}}},"fnMap":{"0":{"name":"Modal","decl":{"start":{"line":27,"column":9},"end":{"line":27,"column":14}},"loc":{"start":{"line":35,"column":1},"end":{"line":122,"column":1}}},"1":{"name":"(anonymous_1)","decl":{"start":{"line":99,"column":29},"end":{"line":99,"column":32}},"loc":{"start":{"line":99,"column":34},"end":{"line":102,"column":21}}},"2":{"name":"(anonymous_2)","decl":{"start":{"line":109,"column":29},"end":{"line":109,"column":32}},"loc":{"start":{"line":109,"column":35},"end":{"line":109,"column":44}}},"3":{"name":"Delivers","decl":{"start":{"line":124,"column":16},"end":{"line":124,"column":24}},"loc":{"start":{"line":124,"column":24},"end":{"line":232,"column":1}}},"4":{"name":"(anonymous_4)","decl":{"start":{"line":127,"column":38},"end":{"line":127,"column":39}},"loc":{"start":{"line":127,"column":45},"end":{"line":127,"column":70}}},"5":{"name":"(anonymous_5)","decl":{"start":{"line":129,"column":23},"end":{"line":129,"column":26}},"loc":{"start":{"line":129,"column":28},"end":{"line":135,"column":3}}},"6":{"name":"(anonymous_6)","decl":{"start":{"line":136,"column":26},"end":{"line":136,"column":29}},"loc":{"start":{"line":136,"column":32},"end":{"line":136,"column":65}}},"7":{"name":"handleOrders","decl":{"start":{"line":138,"column":11},"end":{"line":138,"column":23}},"loc":{"start":{"line":138,"column":23},"end":{"line":146,"column":3}}},"8":{"name":"(anonymous_8)","decl":{"start":{"line":140,"column":12},"end":{"line":140,"column":13}},"loc":{"start":{"line":140,"column":21},"end":{"line":142,"column":7}}},"9":{"name":"(anonymous_9)","decl":{"start":{"line":143,"column":13},"end":{"line":143,"column":14}},"loc":{"start":{"line":143,"column":23},"end":{"line":145,"column":7}}},"10":{"name":"handleOrderCompleted","decl":{"start":{"line":148,"column":11},"end":{"line":148,"column":31}},"loc":{"start":{"line":148,"column":47},"end":{"line":157,"column":3}}},"11":{"name":"(anonymous_11)","decl":{"start":{"line":150,"column":12},"end":{"line":150,"column":15}},"loc":{"start":{"line":150,"column":17},"end":{"line":153,"column":7}}},"12":{"name":"(anonymous_12)","decl":{"start":{"line":154,"column":13},"end":{"line":154,"column":14}},"loc":{"start":{"line":154,"column":23},"end":{"line":156,"column":7}}},"13":{"name":"returns","decl":{"start":{"line":159,"column":11},"end":{"line":159,"column":18}},"loc":{"start":{"line":159,"column":18},"end":{"line":161,"column":3}}},"14":{"name":"(anonymous_14)","decl":{"start":{"line":163,"column":12},"end":{"line":163,"column":15}},"loc":{"start":{"line":163,"column":17},"end":{"line":165,"column":3}}},"15":{"name":"(anonymous_15)","decl":{"start":{"line":174,"column":26},"end":{"line":174,"column":29}},"loc":{"start":{"line":174,"column":32},"end":{"line":174,"column":108}}},"16":{"name":"(anonymous_16)","decl":{"start":{"line":175,"column":25},"end":{"line":175,"column":28}},"loc":{"start":{"line":175,"column":31},"end":{"line":175,"column":76}}},"17":{"name":"(anonymous_17)","decl":{"start":{"line":179,"column":29},"end":{"line":179,"column":30}},"loc":{"start":{"line":180,"column":10},"end":{"line":180,"column":null}}},"18":{"name":"(anonymous_18)","decl":{"start":{"line":193,"column":36},"end":{"line":193,"column":37}},"loc":{"start":{"line":194,"column":18},"end":{"line":196,"column":null}}},"19":{"name":"(anonymous_19)","decl":{"start":{"line":209,"column":27},"end":{"line":209,"column":30}},"loc":{"start":{"line":209,"column":33},"end":{"line":209,"column":61}}},"20":{"name":"(anonymous_20)","decl":{"start":{"line":224,"column":23},"end":{"line":224,"column":26}},"loc":{"start":{"line":224,"column":29},"end":{"line":224,"column":53}}}},"branchMap":{"0":{"loc":{"start":{"line":41,"column":27},"end":{"line":41,"column":59}},"type":"binary-expr","locations":[{"start":{"line":41,"column":27},"end":{"line":41,"column":31}},{"start":{"line":41,"column":35},"end":{"line":41,"column":59}}]},"1":{"loc":{"start":{"line":132,"column":4},"end":{"line":134,"column":null}},"type":"if","locations":[{"start":{"line":132,"column":4},"end":{"line":134,"column":null}}]},"2":{"loc":{"start":{"line":132,"column":8},"end":{"line":132,"column":87}},"type":"binary-expr","locations":[{"start":{"line":132,"column":8},"end":{"line":132,"column":46}},{"start":{"line":132,"column":50},"end":{"line":132,"column":87}}]},"3":{"loc":{"start":{"line":221,"column":11},"end":{"line":226,"column":null}},"type":"binary-expr","locations":[{"start":{"line":221,"column":11},"end":{"line":221,"column":35}},{"start":{"line":222,"column":12},"end":{"line":225,"column":null}}]}},"s":{"0":1,"1":1,"2":1,"3":1,"4":1,"5":1,"6":1,"7":1,"8":1,"9":0,"10":0,"11":0,"12":0,"13":0,"14":0,"15":4,"16":4,"17":4,"18":2,"19":4,"20":4,"21":1,"22":1,"23":1,"24":1,"25":4,"26":0,"27":2,"28":2,"29":0,"30":0,"31":0,"32":0,"33":0,"34":0,"35":4,"36":2,"37":4,"38":0,"39":0,"40":2,"41":4,"42":0,"43":0,"44":1},"f":{"0":0,"1":0,"2":0,"3":4,"4":2,"5":1,"6":0,"7":2,"8":2,"9":0,"10":0,"11":0,"12":0,"13":0,"14":2,"15":0,"16":0,"17":2,"18":4,"19":0,"20":0},"b":{"0":[0,0],"1":[1],"2":[1,1],"3":[4,0]}}
,"C:\\Users\\maris\\Desktop\\coding\\queen-pattys\\queen-pattys\\src\\Components\\Login\\Login.components.tsx": {"path":"C:\\Users\\maris\\Desktop\\coding\\queen-pattys\\queen-pattys\\src\\Components\\Login\\Login.components.tsx","statementMap":{"0":{"start":{"line":4,"column":2},"end":{"line":8,"column":4}},"1":{"start":{"line":98,"column":9},"end":{"line":98,"column":13}},"2":{"start":{"line":18,"column":2},"end":{"line":39,"column":4}},"3":{"start":{"line":98,"column":15},"end":{"line":98,"column":25}},"4":{"start":{"line":49,"column":2},"end":{"line":72,"column":4}},"5":{"start":{"line":98,"column":27},"end":{"line":98,"column":40}},"6":{"start":{"line":76,"column":2},"end":{"line":85,"column":4}},"7":{"start":{"line":98,"column":42},"end":{"line":98,"column":54}},"8":{"start":{"line":89,"column":2},"end":{"line":95,"column":4}},"9":{"start":{"line":98,"column":56},"end":{"line":98,"column":65}}},"fnMap":{"0":{"name":"Logo","decl":{"start":{"line":3,"column":9},"end":{"line":3,"column":13}},"loc":{"start":{"line":3,"column":13},"end":{"line":9,"column":1}}},"1":{"name":"InputEmail","decl":{"start":{"line":11,"column":9},"end":{"line":11,"column":19}},"loc":{"start":{"line":17,"column":1},"end":{"line":40,"column":1}}},"2":{"name":"InputPassword","decl":{"start":{"line":42,"column":9},"end":{"line":42,"column":22}},"loc":{"start":{"line":48,"column":1},"end":{"line":73,"column":1}}},"3":{"name":"ButtonSumbit","decl":{"start":{"line":75,"column":9},"end":{"line":75,"column":21}},"loc":{"start":{"line":75,"column":21},"end":{"line":86,"column":1}}},"4":{"name":"IconsFood","decl":{"start":{"line":88,"column":9},"end":{"line":88,"column":18}},"loc":{"start":{"line":88,"column":18},"end":{"line":96,"column":1}}}},"branchMap":{},"s":{"0":4,"1":1,"2":0,"3":1,"4":0,"5":1,"6":0,"7":1,"8":0,"9":1},"f":{"0":4,"1":0,"2":0,"3":0,"4":0},"b":{}}
,"C:\\Users\\maris\\Desktop\\coding\\queen-pattys\\queen-pattys\\src\\Components\\Navbar\\DeliversNavbar.tsx": {"path":"C:\\Users\\maris\\Desktop\\coding\\queen-pattys\\queen-pattys\\src\\Components\\Navbar\\DeliversNavbar.tsx","statementMap":{"0":{"start":{"line":1,"column":0},"end":{"line":1,"column":47}},"1":{"start":{"line":4,"column":2},"end":{"line":39,"column":4}},"2":{"start":{"line":7,"column":8},"end":{"line":35,"column":null}},"3":{"start":{"line":3,"column":0},"end":{"line":3,"column":16}}},"fnMap":{"0":{"name":"DeliversNavbar","decl":{"start":{"line":3,"column":16},"end":{"line":3,"column":30}},"loc":{"start":{"line":3,"column":108},"end":{"line":40,"column":1}}},"1":{"name":"(anonymous_1)","decl":{"start":{"line":6,"column":7},"end":{"line":6,"column":10}},"loc":{"start":{"line":7,"column":8},"end":{"line":35,"column":null}}}},"branchMap":{},"s":{"0":1,"1":4,"2":4,"3":1},"f":{"0":4,"1":4},"b":{}}
}
