{"E:\\Git\\Queen-pattys\\src\\Components\\Login\\Login.components.tsx": {"path":"E:\\Git\\Queen-pattys\\src\\Components\\Login\\Login.components.tsx","statementMap":{"0":{"start":{"line":4,"column":2},"end":{"line":8,"column":4}},"1":{"start":{"line":98,"column":9},"end":{"line":98,"column":13}},"2":{"start":{"line":18,"column":2},"end":{"line":39,"column":4}},"3":{"start":{"line":98,"column":15},"end":{"line":98,"column":25}},"4":{"start":{"line":49,"column":2},"end":{"line":72,"column":4}},"5":{"start":{"line":98,"column":27},"end":{"line":98,"column":40}},"6":{"start":{"line":76,"column":2},"end":{"line":85,"column":4}},"7":{"start":{"line":98,"column":42},"end":{"line":98,"column":54}},"8":{"start":{"line":89,"column":2},"end":{"line":95,"column":4}},"9":{"start":{"line":98,"column":56},"end":{"line":98,"column":65}}},"fnMap":{"0":{"name":"Logo","decl":{"start":{"line":3,"column":9},"end":{"line":3,"column":13}},"loc":{"start":{"line":3,"column":13},"end":{"line":9,"column":1}}},"1":{"name":"InputEmail","decl":{"start":{"line":11,"column":9},"end":{"line":11,"column":19}},"loc":{"start":{"line":17,"column":1},"end":{"line":40,"column":1}}},"2":{"name":"InputPassword","decl":{"start":{"line":42,"column":9},"end":{"line":42,"column":22}},"loc":{"start":{"line":48,"column":1},"end":{"line":73,"column":1}}},"3":{"name":"ButtonSumbit","decl":{"start":{"line":75,"column":9},"end":{"line":75,"column":21}},"loc":{"start":{"line":75,"column":21},"end":{"line":86,"column":1}}},"4":{"name":"IconsFood","decl":{"start":{"line":88,"column":9},"end":{"line":88,"column":18}},"loc":{"start":{"line":88,"column":18},"end":{"line":96,"column":1}}}},"branchMap":{},"s":{"0":11,"1":2,"2":8,"3":2,"4":8,"5":2,"6":8,"7":2,"8":8,"9":2},"f":{"0":11,"1":8,"2":8,"3":8,"4":8},"b":{}}
,"E:\\Git\\Queen-pattys\\src\\Components\\Login\\Login.tsx": {"path":"E:\\Git\\Queen-pattys\\src\\Components\\Login\\Login.tsx","statementMap":{"0":{"start":{"line":1,"column":0},"end":{"line":1,"column":null}},"1":{"start":{"line":9,"column":0},"end":{"line":9,"column":33}},"2":{"start":{"line":10,"column":0},"end":{"line":10,"column":51}},"3":{"start":{"line":11,"column":0},"end":{"line":11,"column":47}},"4":{"start":{"line":14,"column":28},"end":{"line":14,"column":40}},"5":{"start":{"line":15,"column":34},"end":{"line":15,"column":46}},"6":{"start":{"line":16,"column":28},"end":{"line":16,"column":40}},"7":{"start":{"line":17,"column":19},"end":{"line":17,"column":32}},"8":{"start":{"line":19,"column":15},"end":{"line":22,"column":4}},"9":{"start":{"line":24,"column":18},"end":{"line":30,"column":4}},"10":{"start":{"line":32,"column":23},"end":{"line":39,"column":3}},"11":{"start":{"line":33,"column":4},"end":{"line":33,"column":27}},"12":{"start":{"line":34,"column":4},"end":{"line":34,"column":38}},"13":{"start":{"line":36,"column":4},"end":{"line":38,"column":null}},"14":{"start":{"line":37,"column":6},"end":{"line":37,"column":25}},"15":{"start":{"line":41,"column":2},"end":{"line":62,"column":4}},"16":{"start":{"line":49,"column":35},"end":{"line":49,"column":63}},"17":{"start":{"line":53,"column":35},"end":{"line":53,"column":66}},"18":{"start":{"line":65,"column":9},"end":{"line":65,"column":14}}},"fnMap":{"0":{"name":"Login","decl":{"start":{"line":13,"column":9},"end":{"line":13,"column":14}},"loc":{"start":{"line":13,"column":14},"end":{"line":63,"column":1}}},"1":{"name":"(anonymous_1)","decl":{"start":{"line":32,"column":23},"end":{"line":32,"column":28}},"loc":{"start":{"line":32,"column":73},"end":{"line":39,"column":3}}},"2":{"name":"(anonymous_2)","decl":{"start":{"line":49,"column":24},"end":{"line":49,"column":25}},"loc":{"start":{"line":49,"column":35},"end":{"line":49,"column":63}}},"3":{"name":"(anonymous_3)","decl":{"start":{"line":53,"column":24},"end":{"line":53,"column":25}},"loc":{"start":{"line":53,"column":35},"end":{"line":53,"column":66}}}},"branchMap":{"0":{"loc":{"start":{"line":36,"column":4},"end":{"line":38,"column":null}},"type":"if","locations":[{"start":{"line":36,"column":4},"end":{"line":38,"column":null}}]},"1":{"loc":{"start":{"line":56,"column":13},"end":{"line":56,"column":77}},"type":"binary-expr","locations":[{"start":{"line":56,"column":13},"end":{"line":56,"column":18}},{"start":{"line":56,"column":22},"end":{"line":56,"column":77}}]}},"s":{"0":1,"1":1,"2":1,"3":1,"4":8,"5":8,"6":8,"7":8,"8":8,"9":8,"10":8,"11":2,"12":2,"13":2,"14":0,"15":8,"16":2,"17":2,"18":1},"f":{"0":8,"1":2,"2":2,"3":2},"b":{"0":[0],"1":[8,1]}}
,"E:\\Git\\Queen-pattys\\src\\Components\\Navbar\\Navbar.tsx": {"path":"E:\\Git\\Queen-pattys\\src\\Components\\Navbar\\Navbar.tsx","statementMap":{"0":{"start":{"line":1,"column":0},"end":{"line":1,"column":47}},"1":{"start":{"line":6,"column":2},"end":{"line":41,"column":4}},"2":{"start":{"line":9,"column":8},"end":{"line":37,"column":null}},"3":{"start":{"line":3,"column":0},"end":{"line":3,"column":16}}},"fnMap":{"0":{"name":"Navbar","decl":{"start":{"line":3,"column":16},"end":{"line":3,"column":22}},"loc":{"start":{"line":3,"column":114},"end":{"line":42,"column":1}}},"1":{"name":"(anonymous_1)","decl":{"start":{"line":8,"column":7},"end":{"line":8,"column":10}},"loc":{"start":{"line":9,"column":8},"end":{"line":37,"column":null}}}},"branchMap":{},"s":{"0":1,"1":3,"2":3,"3":1},"f":{"0":3,"1":3},"b":{}}
,"E:\\Git\\Queen-pattys\\src\\Components\\Order\\Order.components.tsx": {"path":"E:\\Git\\Queen-pattys\\src\\Components\\Order\\Order.components.tsx","statementMap":{"0":{"start":{"line":1,"column":0},"end":{"line":1,"column":55}},"1":{"start":{"line":8,"column":2},"end":{"line":31,"column":4}},"2":{"start":{"line":14,"column":10},"end":{"line":15,"column":null}},"3":{"start":{"line":201,"column":9},"end":{"line":201,"column":16}},"4":{"start":{"line":52,"column":26},"end":{"line":60,"column":3}},"5":{"start":{"line":53,"column":4},"end":{"line":59,"column":null}},"6":{"start":{"line":54,"column":6},"end":{"line":58,"column":10}},"7":{"start":{"line":54,"column":37},"end":{"line":58,"column":8}},"8":{"start":{"line":61,"column":26},"end":{"line":66,"column":3}},"9":{"start":{"line":62,"column":4},"end":{"line":65,"column":8}},"10":{"start":{"line":62,"column":35},"end":{"line":65,"column":6}},"11":{"start":{"line":68,"column":2},"end":{"line":94,"column":4}},"12":{"start":{"line":71,"column":8},"end":{"line":73,"column":null}},"13":{"start":{"line":84,"column":37},"end":{"line":84,"column":63}},"14":{"start":{"line":88,"column":37},"end":{"line":88,"column":63}},"15":{"start":{"line":201,"column":18},"end":{"line":201,"column":27}},"16":{"start":{"line":98,"column":23},"end":{"line":100,"column":3}},"17":{"start":{"line":99,"column":4},"end":{"line":99,"column":42}},"18":{"start":{"line":102,"column":2},"end":{"line":113,"column":4}},"19":{"start":{"line":201,"column":29},"end":{"line":201,"column":35}},"20":{"start":{"line":127,"column":22},"end":{"line":127,"column":23}},"21":{"start":{"line":128,"column":24},"end":{"line":130,"column":null}},"22":{"start":{"line":130,"column":20},"end":{"line":130,"column":29}},"23":{"start":{"line":132,"column":22},"end":{"line":161,"column":3}},"24":{"start":{"line":133,"column":18},"end":{"line":151,"column":6}},"25":{"start":{"line":137,"column":25},"end":{"line":137,"column":73}},"26":{"start":{"line":137,"column":50},"end":{"line":137,"column":72}},"27":{"start":{"line":138,"column":8},"end":{"line":147,"column":10}},"28":{"start":{"line":153,"column":4},"end":{"line":160,"column":8}},"29":{"start":{"line":155,"column":8},"end":{"line":155,"column":24}},"30":{"start":{"line":156,"column":8},"end":{"line":156,"column":23}},"31":{"start":{"line":159,"column":8},"end":{"line":159,"column":66}},"32":{"start":{"line":163,"column":2},"end":{"line":198,"column":4}},"33":{"start":{"line":168,"column":21},"end":{"line":168,"column":77}},"34":{"start":{"line":168,"column":50},"end":{"line":168,"column":76}},"35":{"start":{"line":169,"column":27},"end":{"line":169,"column":56}},"36":{"start":{"line":170,"column":8},"end":{"line":170,"column":36}},"37":{"start":{"line":172,"column":8},"end":{"line":183,"column":10}},"38":{"start":{"line":201,"column":37},"end":{"line":201,"column":45}}},"fnMap":{"0":{"name":"MenuBtn","decl":{"start":{"line":7,"column":9},"end":{"line":7,"column":16}},"loc":{"start":{"line":7,"column":40},"end":{"line":32,"column":1}}},"1":{"name":"(anonymous_1)","decl":{"start":{"line":11,"column":8},"end":{"line":11,"column":null}},"loc":{"start":{"line":14,"column":10},"end":{"line":15,"column":null}}},"2":{"name":"FoodItems","decl":{"start":{"line":51,"column":9},"end":{"line":51,"column":18}},"loc":{"start":{"line":51,"column":62},"end":{"line":95,"column":1}}},"3":{"name":"(anonymous_3)","decl":{"start":{"line":52,"column":26},"end":{"line":52,"column":27}},"loc":{"start":{"line":52,"column":47},"end":{"line":60,"column":3}}},"4":{"name":"(anonymous_4)","decl":{"start":{"line":54,"column":18},"end":{"line":54,"column":19}},"loc":{"start":{"line":54,"column":37},"end":{"line":58,"column":8}}},"5":{"name":"(anonymous_5)","decl":{"start":{"line":61,"column":26},"end":{"line":61,"column":27}},"loc":{"start":{"line":61,"column":47},"end":{"line":66,"column":3}}},"6":{"name":"(anonymous_6)","decl":{"start":{"line":62,"column":16},"end":{"line":62,"column":17}},"loc":{"start":{"line":62,"column":35},"end":{"line":65,"column":6}}},"7":{"name":"(anonymous_7)","decl":{"start":{"line":70,"column":17},"end":{"line":70,"column":18}},"loc":{"start":{"line":71,"column":8},"end":{"line":73,"column":null}}},"8":{"name":"(anonymous_8)","decl":{"start":{"line":84,"column":31},"end":{"line":84,"column":34}},"loc":{"start":{"line":84,"column":37},"end":{"line":84,"column":63}}},"9":{"name":"(anonymous_9)","decl":{"start":{"line":88,"column":31},"end":{"line":88,"column":34}},"loc":{"start":{"line":88,"column":37},"end":{"line":88,"column":63}}},"10":{"name":"Client","decl":{"start":{"line":97,"column":9},"end":{"line":97,"column":15}},"loc":{"start":{"line":97,"column":50},"end":{"line":114,"column":1}}},"11":{"name":"(anonymous_11)","decl":{"start":{"line":98,"column":23},"end":{"line":98,"column":24}},"loc":{"start":{"line":98,"column":71},"end":{"line":100,"column":3}}},"12":{"name":"OrderSum","decl":{"start":{"line":116,"column":9},"end":{"line":116,"column":17}},"loc":{"start":{"line":126,"column":1},"end":{"line":199,"column":1}}},"13":{"name":"(anonymous_13)","decl":{"start":{"line":130,"column":4},"end":{"line":130,"column":5}},"loc":{"start":{"line":130,"column":20},"end":{"line":130,"column":29}}},"14":{"name":"(anonymous_14)","decl":{"start":{"line":132,"column":22},"end":{"line":132,"column":25}},"loc":{"start":{"line":132,"column":27},"end":{"line":161,"column":3}}},"15":{"name":"(anonymous_15)","decl":{"start":{"line":136,"column":34},"end":{"line":136,"column":35}},"loc":{"start":{"line":136,"column":54},"end":{"line":148,"column":7}}},"16":{"name":"(anonymous_16)","decl":{"start":{"line":137,"column":40},"end":{"line":137,"column":41}},"loc":{"start":{"line":137,"column":50},"end":{"line":137,"column":72}}},"17":{"name":"(anonymous_17)","decl":{"start":{"line":154,"column":12},"end":{"line":154,"column":13}},"loc":{"start":{"line":154,"column":24},"end":{"line":157,"column":7}}},"18":{"name":"(anonymous_18)","decl":{"start":{"line":158,"column":13},"end":{"line":158,"column":14}},"loc":{"start":{"line":159,"column":8},"end":{"line":159,"column":66}}},"19":{"name":"(anonymous_19)","decl":{"start":{"line":167,"column":25},"end":{"line":167,"column":26}},"loc":{"start":{"line":167,"column":47},"end":{"line":184,"column":7}}},"20":{"name":"(anonymous_20)","decl":{"start":{"line":168,"column":36},"end":{"line":168,"column":37}},"loc":{"start":{"line":168,"column":50},"end":{"line":168,"column":76}}}},"branchMap":{"0":{"loc":{"start":{"line":18,"column":13},"end":{"line":19,"column":null}},"type":"binary-expr","locations":[{"start":{"line":18,"column":13},"end":{"line":18,"column":32}},{"start":{"line":19,"column":14},"end":{"line":19,"column":73}}]},"1":{"loc":{"start":{"line":21,"column":13},"end":{"line":22,"column":null}},"type":"binary-expr","locations":[{"start":{"line":21,"column":13},"end":{"line":21,"column":39}},{"start":{"line":22,"column":14},"end":{"line":22,"column":69}}]},"2":{"loc":{"start":{"line":53,"column":4},"end":{"line":59,"column":null}},"type":"if","locations":[{"start":{"line":53,"column":4},"end":{"line":59,"column":null}}]},"3":{"loc":{"start":{"line":64,"column":18},"end":{"line":64,"column":73}},"type":"cond-expr","locations":[{"start":{"line":64,"column":43},"end":{"line":64,"column":69}},{"start":{"line":64,"column":72},"end":{"line":64,"column":73}}]},"4":{"loc":{"start":{"line":86,"column":21},"end":{"line":86,"column":45}},"type":"binary-expr","locations":[{"start":{"line":86,"column":21},"end":{"line":86,"column":40}},{"start":{"line":86,"column":44},"end":{"line":86,"column":45}}]},"5":{"loc":{"start":{"line":169,"column":27},"end":{"line":169,"column":56}},"type":"cond-expr","locations":[{"start":{"line":169,"column":34},"end":{"line":169,"column":52}},{"start":{"line":169,"column":55},"end":{"line":169,"column":56}}]}},"s":{"0":1,"1":6,"2":6,"3":1,"4":3,"5":0,"6":0,"7":0,"8":3,"9":0,"10":0,"11":3,"12":0,"13":0,"14":0,"15":1,"16":3,"17":0,"18":3,"19":1,"20":3,"21":3,"22":0,"23":3,"24":1,"25":0,"26":0,"27":0,"28":1,"29":1,"30":1,"31":0,"32":3,"33":0,"34":0,"35":0,"36":0,"37":0,"38":1},"f":{"0":6,"1":6,"2":3,"3":0,"4":0,"5":0,"6":0,"7":0,"8":0,"9":0,"10":3,"11":0,"12":3,"13":0,"14":1,"15":0,"16":0,"17":1,"18":0,"19":0,"20":0},"b":{"0":[6,3],"1":[6,3],"2":[0],"3":[0,0],"4":[0,0],"5":[0,0]}}
,"E:\\Git\\Queen-pattys\\src\\Components\\Order\\Order.tsx": {"path":"E:\\Git\\Queen-pattys\\src\\Components\\Order\\Order.tsx","statementMap":{"0":{"start":{"line":1,"column":0},"end":{"line":1,"column":78}},"1":{"start":{"line":2,"column":0},"end":{"line":2,"column":44}},"2":{"start":{"line":3,"column":0},"end":{"line":3,"column":53}},"3":{"start":{"line":4,"column":0},"end":{"line":4,"column":63}},"4":{"start":{"line":5,"column":0},"end":{"line":5,"column":46}},"5":{"start":{"line":6,"column":0},"end":{"line":6,"column":43}},"6":{"start":{"line":9,"column":34},"end":{"line":9,"column":46}},"7":{"start":{"line":10,"column":34},"end":{"line":10,"column":73}},"8":{"start":{"line":11,"column":46},"end":{"line":11,"column":58}},"9":{"start":{"line":12,"column":28},"end":{"line":14,"column":3}},"10":{"start":{"line":13,"column":4},"end":{"line":13,"column":20}},"11":{"start":{"line":15,"column":24},"end":{"line":15,"column":36}},"12":{"start":{"line":16,"column":28},"end":{"line":16,"column":47}},"13":{"start":{"line":17,"column":20},"end":{"line":17,"column":28}},"14":{"start":{"line":18,"column":19},"end":{"line":18,"column":32}},"15":{"start":{"line":20,"column":23},"end":{"line":25,"column":3}},"16":{"start":{"line":21,"column":4},"end":{"line":21,"column":37}},"17":{"start":{"line":22,"column":4},"end":{"line":24,"column":null}},"18":{"start":{"line":23,"column":6},"end":{"line":23,"column":20}},"19":{"start":{"line":27,"column":25},"end":{"line":29,"column":3}},"20":{"start":{"line":28,"column":6},"end":{"line":28,"column":28}},"21":{"start":{"line":32,"column":2},"end":{"line":40,"column":9}},"22":{"start":{"line":33,"column":4},"end":{"line":39,"column":9}},"23":{"start":{"line":35,"column":8},"end":{"line":35,"column":26}},"24":{"start":{"line":38,"column":8},"end":{"line":38,"column":56}},"25":{"start":{"line":42,"column":2},"end":{"line":71,"column":4}},"26":{"start":{"line":74,"column":9},"end":{"line":74,"column":14}}},"fnMap":{"0":{"name":"Order","decl":{"start":{"line":8,"column":9},"end":{"line":8,"column":14}},"loc":{"start":{"line":8,"column":14},"end":{"line":72,"column":1}}},"1":{"name":"(anonymous_1)","decl":{"start":{"line":12,"column":28},"end":{"line":12,"column":31}},"loc":{"start":{"line":12,"column":33},"end":{"line":14,"column":3}}},"2":{"name":"(anonymous_2)","decl":{"start":{"line":20,"column":23},"end":{"line":20,"column":26}},"loc":{"start":{"line":20,"column":28},"end":{"line":25,"column":3}}},"3":{"name":"(anonymous_3)","decl":{"start":{"line":27,"column":25},"end":{"line":27,"column":28}},"loc":{"start":{"line":27,"column":30},"end":{"line":29,"column":3}}},"4":{"name":"(anonymous_4)","decl":{"start":{"line":32,"column":12},"end":{"line":32,"column":15}},"loc":{"start":{"line":32,"column":17},"end":{"line":40,"column":3}}},"5":{"name":"(anonymous_5)","decl":{"start":{"line":34,"column":12},"end":{"line":34,"column":13}},"loc":{"start":{"line":34,"column":21},"end":{"line":36,"column":7}}},"6":{"name":"(anonymous_6)","decl":{"start":{"line":37,"column":13},"end":{"line":37,"column":14}},"loc":{"start":{"line":37,"column":23},"end":{"line":39,"column":7}}}},"branchMap":{"0":{"loc":{"start":{"line":22,"column":4},"end":{"line":24,"column":null}},"type":"if","locations":[{"start":{"line":22,"column":4},"end":{"line":24,"column":null}}]}},"s":{"0":1,"1":1,"2":1,"3":1,"4":1,"5":1,"6":4,"7":3,"8":3,"9":3,"10":1,"11":3,"12":3,"13":3,"14":3,"15":3,"16":0,"17":0,"18":0,"19":3,"20":0,"21":3,"22":3,"23":3,"24":0,"25":3,"26":1},"f":{"0":4,"1":1,"2":0,"3":0,"4":3,"5":3,"6":0},"b":{"0":[0]}}
,"E:\\Git\\Queen-pattys\\src\\Services\\auth.tsx": {"path":"E:\\Git\\Queen-pattys\\src\\Services\\auth.tsx","statementMap":{"0":{"start":{"line":6,"column":16},"end":{"line":6,"column":18}},"1":{"start":{"line":8,"column":4},"end":{"line":26,"column":11}},"2":{"start":{"line":10,"column":8},"end":{"line":12,"column":null}},"3":{"start":{"line":11,"column":12},"end":{"line":11,"column":94}},"4":{"start":{"line":13,"column":12},"end":{"line":13,"column":35}},"5":{"start":{"line":16,"column":12},"end":{"line":16,"column":37}},"6":{"start":{"line":17,"column":12},"end":{"line":17,"column":null}},"7":{"start":{"line":18,"column":32},"end":{"line":18,"column":null}},"8":{"start":{"line":19,"column":12},"end":{"line":19,"column":null}},"9":{"start":{"line":23,"column":12},"end":{"line":23,"column":null}},"10":{"start":{"line":24,"column":12},"end":{"line":24,"column":null}},"11":{"start":{"line":5,"column":0},"end":{"line":5,"column":16}},"12":{"start":{"line":35,"column":38},"end":{"line":35,"column":36720}},"13":{"start":{"line":35,"column":42},"end":{"line":35,"column":36709}},"14":{"start":{"line":35,"column":36758},"end":{"line":35,"column":36798}},"15":{"start":{"line":35,"column":36762},"end":{"line":35,"column":36787}},"16":{"start":{"line":35,"column":36799},"end":{"line":35,"column":36808}},"17":{"start":{"line":35,"column":36809},"end":{"line":35,"column":36815}},"18":{"start":{"line":35,"column":36851},"end":{"line":35,"column":36893}},"19":{"start":{"line":35,"column":36855},"end":{"line":35,"column":36882}},"20":{"start":{"line":35,"column":36894},"end":{"line":35,"column":36903}},"21":{"start":{"line":35,"column":36904},"end":{"line":35,"column":36910}},"22":{"start":{"line":35,"column":36927},"end":{"line":35,"column":36964}},"23":{"start":{"line":35,"column":36931},"end":{"line":35,"column":36953}},"24":{"start":{"line":35,"column":36966},"end":{"line":35,"column":36972}},"25":{"start":{"line":35,"column":36989},"end":{"line":35,"column":37029}},"26":{"start":{"line":35,"column":36993},"end":{"line":35,"column":37018}},"27":{"start":{"line":35,"column":37031},"end":{"line":35,"column":37037}}},"fnMap":{"0":{"name":"loginAPI","decl":{"start":{"line":5,"column":16},"end":{"line":5,"column":24}},"loc":{"start":{"line":5,"column":74},"end":{"line":27,"column":1}}},"1":{"name":"(anonymous_1)","decl":{"start":{"line":9,"column":14},"end":{"line":9,"column":22}},"loc":{"start":{"line":9,"column":25},"end":{"line":14,"column":9}}},"2":{"name":"(anonymous_2)","decl":{"start":{"line":15,"column":14},"end":{"line":15,"column":18}},"loc":{"start":{"line":15,"column":21},"end":{"line":21,"column":9}}},"3":{"name":"(anonymous_3)","decl":{"start":{"line":22,"column":15},"end":{"line":22,"column":20}},"loc":{"start":{"line":22,"column":23},"end":{"line":26,"column":9}}},"4":{"name":"oo_cm","decl":{"start":{"line":35,"column":30},"end":{"line":35,"column":35}},"loc":{"start":{"line":35,"column":35},"end":{"line":35,"column":36721}}},"5":{"name":"oo_oo","decl":{"start":{"line":35,"column":36731},"end":{"line":35,"column":36736}},"loc":{"start":{"line":35,"column":36756},"end":{"line":35,"column":36808}}},"6":{"name":"oo_tr","decl":{"start":{"line":35,"column":36824},"end":{"line":35,"column":36829}},"loc":{"start":{"line":35,"column":36849},"end":{"line":35,"column":36903}}},"7":{"name":"oo_ts","decl":{"start":{"line":35,"column":36919},"end":{"line":35,"column":36924}},"loc":{"start":{"line":35,"column":36924},"end":{"line":35,"column":36965}}},"8":{"name":"oo_te","decl":{"start":{"line":35,"column":36981},"end":{"line":35,"column":36986}},"loc":{"start":{"line":35,"column":36986},"end":{"line":35,"column":37030}}}},"branchMap":{"0":{"loc":{"start":{"line":10,"column":8},"end":{"line":12,"column":null}},"type":"if","locations":[{"start":{"line":10,"column":8},"end":{"line":12,"column":null}}]},"1":{"loc":{"start":{"line":35,"column":49},"end":{"line":35,"column":36708}},"type":"binary-expr","locations":[{"start":{"line":35,"column":49},"end":{"line":35,"column":86}},{"start":{"line":35,"column":90},"end":{"line":35,"column":36708}}]}},"s":{"0":2,"1":2,"2":1,"3":0,"4":1,"5":0,"6":0,"7":0,"8":0,"9":2,"10":2,"11":1,"12":0,"13":0,"14":0,"15":0,"16":0,"17":1,"18":0,"19":0,"20":0,"21":1,"22":0,"23":0,"24":1,"25":0,"26":0,"27":1},"f":{"0":2,"1":1,"2":0,"3":2,"4":0,"5":0,"6":0,"7":0,"8":0},"b":{"0":[0],"1":[0,0]}}
,"E:\\Git\\Queen-pattys\\src\\Services\\getProducts.tsx": {"path":"E:\\Git\\Queen-pattys\\src\\Services\\getProducts.tsx","statementMap":{"0":{"start":{"line":3,"column":18},"end":{"line":3,"column":47}},"1":{"start":{"line":4,"column":4},"end":{"line":14,"column":null}},"2":{"start":{"line":10,"column":8},"end":{"line":10,"column":31}},"3":{"start":{"line":13,"column":8},"end":{"line":13,"column":null}},"4":{"start":{"line":82,"column":9},"end":{"line":82,"column":22}},"5":{"start":{"line":18,"column":18},"end":{"line":18,"column":47}},"6":{"start":{"line":19,"column":4},"end":{"line":39,"column":7}},"7":{"start":{"line":32,"column":8},"end":{"line":32,"column":null}},"8":{"start":{"line":35,"column":28},"end":{"line":35,"column":null}},"9":{"start":{"line":38,"column":8},"end":{"line":38,"column":55}},"10":{"start":{"line":82,"column":24},"end":{"line":82,"column":36}},"11":{"start":{"line":44,"column":18},"end":{"line":44,"column":47}},"12":{"start":{"line":45,"column":4},"end":{"line":57,"column":3}},"13":{"start":{"line":53,"column":4},"end":{"line":53,"column":null}},"14":{"start":{"line":56,"column":4},"end":{"line":56,"column":52}},"15":{"start":{"line":82,"column":38},"end":{"line":82,"column":51}},"16":{"start":{"line":61,"column":18},"end":{"line":61,"column":47}},"17":{"start":{"line":62,"column":4},"end":{"line":79,"column":7}},"18":{"start":{"line":75,"column":8},"end":{"line":75,"column":null}},"19":{"start":{"line":78,"column":8},"end":{"line":78,"column":56}},"20":{"start":{"line":82,"column":53},"end":{"line":82,"column":66}},"21":{"start":{"line":89,"column":38},"end":{"line":89,"column":36720}},"22":{"start":{"line":89,"column":42},"end":{"line":89,"column":36709}},"23":{"start":{"line":89,"column":36758},"end":{"line":89,"column":36798}},"24":{"start":{"line":89,"column":36762},"end":{"line":89,"column":36787}},"25":{"start":{"line":89,"column":36799},"end":{"line":89,"column":36808}},"26":{"start":{"line":89,"column":36809},"end":{"line":89,"column":36815}},"27":{"start":{"line":89,"column":36851},"end":{"line":89,"column":36893}},"28":{"start":{"line":89,"column":36855},"end":{"line":89,"column":36882}},"29":{"start":{"line":89,"column":36894},"end":{"line":89,"column":36903}},"30":{"start":{"line":89,"column":36904},"end":{"line":89,"column":36910}},"31":{"start":{"line":89,"column":36927},"end":{"line":89,"column":36964}},"32":{"start":{"line":89,"column":36931},"end":{"line":89,"column":36953}},"33":{"start":{"line":89,"column":36966},"end":{"line":89,"column":36972}},"34":{"start":{"line":89,"column":36989},"end":{"line":89,"column":37029}},"35":{"start":{"line":89,"column":36993},"end":{"line":89,"column":37018}},"36":{"start":{"line":89,"column":37031},"end":{"line":89,"column":37037}}},"fnMap":{"0":{"name":"fetchProducts","decl":{"start":{"line":2,"column":9},"end":{"line":2,"column":22}},"loc":{"start":{"line":2,"column":22},"end":{"line":15,"column":1}}},"1":{"name":"(anonymous_1)","decl":{"start":{"line":9,"column":10},"end":{"line":9,"column":18}},"loc":{"start":{"line":9,"column":21},"end":{"line":11,"column":5}}},"2":{"name":"(anonymous_2)","decl":{"start":{"line":12,"column":11},"end":{"line":12,"column":16}},"loc":{"start":{"line":12,"column":19},"end":{"line":14,"column":5}}},"3":{"name":"postProducts","decl":{"start":{"line":17,"column":9},"end":{"line":17,"column":21}},"loc":{"start":{"line":17,"column":63},"end":{"line":40,"column":1}}},"4":{"name":"(anonymous_4)","decl":{"start":{"line":31,"column":10},"end":{"line":31,"column":18}},"loc":{"start":{"line":31,"column":21},"end":{"line":33,"column":5}}},"5":{"name":"(anonymous_5)","decl":{"start":{"line":34,"column":10},"end":{"line":34,"column":14}},"loc":{"start":{"line":34,"column":17},"end":{"line":36,"column":5}}},"6":{"name":"(anonymous_6)","decl":{"start":{"line":37,"column":11},"end":{"line":37,"column":16}},"loc":{"start":{"line":37,"column":19},"end":{"line":39,"column":5}}},"7":{"name":"deleteProduct","decl":{"start":{"line":43,"column":9},"end":{"line":43,"column":22}},"loc":{"start":{"line":43,"column":33},"end":{"line":58,"column":1}}},"8":{"name":"(anonymous_8)","decl":{"start":{"line":52,"column":6},"end":{"line":52,"column":14}},"loc":{"start":{"line":52,"column":17},"end":{"line":54,"column":1}}},"9":{"name":"(anonymous_9)","decl":{"start":{"line":55,"column":7},"end":{"line":55,"column":12}},"loc":{"start":{"line":55,"column":15},"end":{"line":57,"column":1}}},"10":{"name":"patchProducts","decl":{"start":{"line":60,"column":9},"end":{"line":60,"column":22}},"loc":{"start":{"line":60,"column":76},"end":{"line":80,"column":1}}},"11":{"name":"(anonymous_11)","decl":{"start":{"line":74,"column":10},"end":{"line":74,"column":18}},"loc":{"start":{"line":74,"column":21},"end":{"line":76,"column":5}}},"12":{"name":"(anonymous_12)","decl":{"start":{"line":77,"column":11},"end":{"line":77,"column":16}},"loc":{"start":{"line":77,"column":19},"end":{"line":79,"column":5}}},"13":{"name":"oo_cm","decl":{"start":{"line":89,"column":30},"end":{"line":89,"column":35}},"loc":{"start":{"line":89,"column":35},"end":{"line":89,"column":36721}}},"14":{"name":"oo_oo","decl":{"start":{"line":89,"column":36731},"end":{"line":89,"column":36736}},"loc":{"start":{"line":89,"column":36756},"end":{"line":89,"column":36808}}},"15":{"name":"oo_tr","decl":{"start":{"line":89,"column":36824},"end":{"line":89,"column":36829}},"loc":{"start":{"line":89,"column":36849},"end":{"line":89,"column":36903}}},"16":{"name":"oo_ts","decl":{"start":{"line":89,"column":36919},"end":{"line":89,"column":36924}},"loc":{"start":{"line":89,"column":36924},"end":{"line":89,"column":36965}}},"17":{"name":"oo_te","decl":{"start":{"line":89,"column":36981},"end":{"line":89,"column":36986}},"loc":{"start":{"line":89,"column":36986},"end":{"line":89,"column":37030}}}},"branchMap":{"0":{"loc":{"start":{"line":89,"column":49},"end":{"line":89,"column":36708}},"type":"binary-expr","locations":[{"start":{"line":89,"column":49},"end":{"line":89,"column":86}},{"start":{"line":89,"column":90},"end":{"line":89,"column":36708}}]}},"s":{"0":3,"1":3,"2":3,"3":0,"4":1,"5":0,"6":0,"7":0,"8":0,"9":0,"10":1,"11":0,"12":0,"13":0,"14":0,"15":1,"16":0,"17":0,"18":0,"19":0,"20":1,"21":0,"22":0,"23":0,"24":0,"25":0,"26":1,"27":0,"28":0,"29":0,"30":1,"31":0,"32":0,"33":1,"34":0,"35":0,"36":1},"f":{"0":3,"1":3,"2":0,"3":0,"4":0,"5":0,"6":0,"7":0,"8":0,"9":0,"10":0,"11":0,"12":0,"13":0,"14":0,"15":0,"16":0,"17":0},"b":{"0":[0,0]}}
,"E:\\Git\\Queen-pattys\\src\\Services\\orders.tsx": {"path":"E:\\Git\\Queen-pattys\\src\\Services\\orders.tsx","statementMap":{"0":{"start":{"line":2,"column":18},"end":{"line":2,"column":47}},"1":{"start":{"line":3,"column":4},"end":{"line":13,"column":null}},"2":{"start":{"line":9,"column":8},"end":{"line":9,"column":null}},"3":{"start":{"line":12,"column":8},"end":{"line":12,"column":null}},"4":{"start":{"line":1,"column":0},"end":{"line":1,"column":16}},"5":{"start":{"line":17,"column":18},"end":{"line":17,"column":47}},"6":{"start":{"line":18,"column":4},"end":{"line":31,"column":7}},"7":{"start":{"line":27,"column":8},"end":{"line":27,"column":null}},"8":{"start":{"line":30,"column":8},"end":{"line":30,"column":53}},"9":{"start":{"line":16,"column":0},"end":{"line":16,"column":16}},"10":{"start":{"line":35,"column":18},"end":{"line":35,"column":47}},"11":{"start":{"line":36,"column":4},"end":{"line":54,"column":7}},"12":{"start":{"line":48,"column":8},"end":{"line":48,"column":null}},"13":{"start":{"line":51,"column":28},"end":{"line":51,"column":103}},"14":{"start":{"line":53,"column":8},"end":{"line":53,"column":53}},"15":{"start":{"line":34,"column":0},"end":{"line":34,"column":16}},"16":{"start":{"line":58,"column":18},"end":{"line":58,"column":47}},"17":{"start":{"line":59,"column":4},"end":{"line":77,"column":7}},"18":{"start":{"line":71,"column":8},"end":{"line":71,"column":null}},"19":{"start":{"line":74,"column":28},"end":{"line":74,"column":102}},"20":{"start":{"line":76,"column":8},"end":{"line":76,"column":53}},"21":{"start":{"line":57,"column":0},"end":{"line":57,"column":16}},"22":{"start":{"line":85,"column":38},"end":{"line":85,"column":36720}},"23":{"start":{"line":85,"column":42},"end":{"line":85,"column":36709}},"24":{"start":{"line":85,"column":36758},"end":{"line":85,"column":36798}},"25":{"start":{"line":85,"column":36762},"end":{"line":85,"column":36787}},"26":{"start":{"line":85,"column":36799},"end":{"line":85,"column":36808}},"27":{"start":{"line":85,"column":36809},"end":{"line":85,"column":36815}},"28":{"start":{"line":85,"column":36851},"end":{"line":85,"column":36893}},"29":{"start":{"line":85,"column":36855},"end":{"line":85,"column":36882}},"30":{"start":{"line":85,"column":36894},"end":{"line":85,"column":36903}},"31":{"start":{"line":85,"column":36904},"end":{"line":85,"column":36910}},"32":{"start":{"line":85,"column":36927},"end":{"line":85,"column":36964}},"33":{"start":{"line":85,"column":36931},"end":{"line":85,"column":36953}},"34":{"start":{"line":85,"column":36966},"end":{"line":85,"column":36972}},"35":{"start":{"line":85,"column":36989},"end":{"line":85,"column":37029}},"36":{"start":{"line":85,"column":36993},"end":{"line":85,"column":37018}},"37":{"start":{"line":85,"column":37031},"end":{"line":85,"column":37037}}},"fnMap":{"0":{"name":"getOrders","decl":{"start":{"line":1,"column":16},"end":{"line":1,"column":25}},"loc":{"start":{"line":1,"column":25},"end":{"line":14,"column":1}}},"1":{"name":"(anonymous_1)","decl":{"start":{"line":8,"column":10},"end":{"line":8,"column":18}},"loc":{"start":{"line":8,"column":21},"end":{"line":10,"column":5}}},"2":{"name":"(anonymous_2)","decl":{"start":{"line":11,"column":11},"end":{"line":11,"column":16}},"loc":{"start":{"line":11,"column":19},"end":{"line":13,"column":5}}},"3":{"name":"postOrders","decl":{"start":{"line":16,"column":16},"end":{"line":16,"column":26}},"loc":{"start":{"line":16,"column":40},"end":{"line":32,"column":1}}},"4":{"name":"(anonymous_4)","decl":{"start":{"line":26,"column":10},"end":{"line":26,"column":18}},"loc":{"start":{"line":26,"column":21},"end":{"line":28,"column":5}}},"5":{"name":"(anonymous_5)","decl":{"start":{"line":29,"column":11},"end":{"line":29,"column":16}},"loc":{"start":{"line":29,"column":19},"end":{"line":31,"column":5}}},"6":{"name":"patchOrders","decl":{"start":{"line":34,"column":16},"end":{"line":34,"column":27}},"loc":{"start":{"line":34,"column":38},"end":{"line":55,"column":1}}},"7":{"name":"(anonymous_7)","decl":{"start":{"line":47,"column":10},"end":{"line":47,"column":18}},"loc":{"start":{"line":47,"column":21},"end":{"line":49,"column":5}}},"8":{"name":"(anonymous_8)","decl":{"start":{"line":50,"column":10},"end":{"line":50,"column":14}},"loc":{"start":{"line":51,"column":28},"end":{"line":51,"column":103}}},"9":{"name":"(anonymous_9)","decl":{"start":{"line":52,"column":11},"end":{"line":52,"column":16}},"loc":{"start":{"line":52,"column":19},"end":{"line":54,"column":5}}},"10":{"name":"patchDelivers","decl":{"start":{"line":57,"column":16},"end":{"line":57,"column":29}},"loc":{"start":{"line":57,"column":40},"end":{"line":78,"column":1}}},"11":{"name":"(anonymous_11)","decl":{"start":{"line":70,"column":10},"end":{"line":70,"column":18}},"loc":{"start":{"line":70,"column":21},"end":{"line":72,"column":5}}},"12":{"name":"(anonymous_12)","decl":{"start":{"line":73,"column":10},"end":{"line":73,"column":14}},"loc":{"start":{"line":74,"column":28},"end":{"line":74,"column":102}}},"13":{"name":"(anonymous_13)","decl":{"start":{"line":75,"column":11},"end":{"line":75,"column":16}},"loc":{"start":{"line":75,"column":19},"end":{"line":77,"column":5}}},"14":{"name":"oo_cm","decl":{"start":{"line":85,"column":30},"end":{"line":85,"column":35}},"loc":{"start":{"line":85,"column":35},"end":{"line":85,"column":36721}}},"15":{"name":"oo_oo","decl":{"start":{"line":85,"column":36731},"end":{"line":85,"column":36736}},"loc":{"start":{"line":85,"column":36756},"end":{"line":85,"column":36808}}},"16":{"name":"oo_tr","decl":{"start":{"line":85,"column":36824},"end":{"line":85,"column":36829}},"loc":{"start":{"line":85,"column":36849},"end":{"line":85,"column":36903}}},"17":{"name":"oo_ts","decl":{"start":{"line":85,"column":36919},"end":{"line":85,"column":36924}},"loc":{"start":{"line":85,"column":36924},"end":{"line":85,"column":36965}}},"18":{"name":"oo_te","decl":{"start":{"line":85,"column":36981},"end":{"line":85,"column":36986}},"loc":{"start":{"line":85,"column":36986},"end":{"line":85,"column":37030}}}},"branchMap":{"0":{"loc":{"start":{"line":85,"column":49},"end":{"line":85,"column":36708}},"type":"binary-expr","locations":[{"start":{"line":85,"column":49},"end":{"line":85,"column":86}},{"start":{"line":85,"column":90},"end":{"line":85,"column":36708}}]}},"s":{"0":0,"1":0,"2":0,"3":0,"4":1,"5":1,"6":1,"7":1,"8":0,"9":1,"10":0,"11":0,"12":0,"13":0,"14":0,"15":1,"16":0,"17":0,"18":0,"19":0,"20":0,"21":1,"22":0,"23":0,"24":0,"25":0,"26":0,"27":1,"28":0,"29":0,"30":0,"31":1,"32":0,"33":0,"34":1,"35":0,"36":0,"37":1},"f":{"0":0,"1":0,"2":0,"3":1,"4":1,"5":0,"6":0,"7":0,"8":0,"9":0,"10":0,"11":0,"12":0,"13":0,"14":0,"15":0,"16":0,"17":0,"18":0},"b":{"0":[0,0]}}
}
