TN:
SF:src\Components\Login\Login.components.tsx
FN:3,Logo
FN:11,InputEmail
FN:36,InputPassword
FN:63,ButtonSumbit
FN:76,IconsFood
FNF:5
FNH:5
FNDA:4,Logo
FNDA:4,InputEmail
FNDA:4,InputPassword
FNDA:4,ButtonSumbit
FNDA:4,IconsFood
DA:4,4
DA:12,4
DA:37,4
DA:64,4
DA:77,4
DA:86,2
LF:6
LH:6
BRF:0
BRH:0
end_of_record
TN:
SF:src\Components\Login\Login.tsx
FN:14,Login
FN:36,(anonymous_1)
FN:53,(anonymous_2)
FN:54,(anonymous_3)
FNF:4
FNH:4
FNDA:4,Login
FNDA:1,(anonymous_1)
FNDA:1,(anonymous_2)
FNDA:1,(anonymous_3)
DA:1,1
DA:9,1
DA:11,1
DA:12,1
DA:17,4
DA:18,4
DA:19,4
DA:20,4
DA:22,4
DA:27,4
DA:36,4
DA:37,1
DA:38,1
DA:40,1
DA:41,0
DA:47,4
DA:53,1
DA:54,1
DA:65,1
LF:19
LH:18
BRDA:40,0,0,0
BRDA:56,1,0,4
BRDA:56,1,1,0
BRF:3
BRH:1
end_of_record
TN:
SF:src\Components\Order\Breakfast.tsx
FN:9,Breakfast
FN:16,(anonymous_1)
FN:18,(anonymous_2)
FN:21,(anonymous_3)
FN:26,(anonymous_4)
FNF:5
FNH:0
FNDA:0,Breakfast
FNDA:0,(anonymous_1)
FNDA:0,(anonymous_2)
FNDA:0,(anonymous_3)
FNDA:0,(anonymous_4)
DA:1,1
DA:2,1
DA:3,1
DA:4,1
DA:5,1
DA:10,0
DA:11,0
DA:12,0
DA:14,0
DA:16,0
DA:17,0
DA:19,0
DA:22,0
DA:26,0
DA:27,0
DA:28,0
DA:29,0
DA:33,0
DA:34,0
DA:35,0
DA:37,0
DA:65,1
LF:22
LH:6
BRDA:28,0,0,0
BRF:1
BRH:0
end_of_record
TN:
SF:src\Components\Order\Order.components.tsx
FN:6,MenuBtn
FN:9,(anonymous_1)
FN:38,FoodItems
FN:46,(anonymous_3)
FN:48,(anonymous_4)
FN:55,(anonymous_5)
FN:56,(anonymous_6)
FN:64,(anonymous_7)
FN:75,(anonymous_8)
FN:79,(anonymous_9)
FN:90,Client
FN:92,(anonymous_11)
FN:105,OrderSum
FN:106,(anonymous_13)
FN:110,(anonymous_14)
FN:114,(anonymous_15)
FN:116,(anonymous_16)
FN:134,(anonymous_17)
FN:135,(anonymous_18)
FN:142,(anonymous_19)
FN:143,(anonymous_20)
FNF:21
FNH:0
FNDA:0,MenuBtn
FNDA:0,(anonymous_1)
FNDA:0,FoodItems
FNDA:0,(anonymous_3)
FNDA:0,(anonymous_4)
FNDA:0,(anonymous_5)
FNDA:0,(anonymous_6)
FNDA:0,(anonymous_7)
FNDA:0,(anonymous_8)
FNDA:0,(anonymous_9)
FNDA:0,Client
FNDA:0,(anonymous_11)
FNDA:0,OrderSum
FNDA:0,(anonymous_13)
FNDA:0,(anonymous_14)
FNDA:0,(anonymous_15)
FNDA:0,(anonymous_16)
FNDA:0,(anonymous_17)
FNDA:0,(anonymous_18)
FNDA:0,(anonymous_19)
FNDA:0,(anonymous_20)
DA:1,1
DA:7,0
DA:10,0
DA:46,0
DA:47,0
DA:48,0
DA:55,0
DA:56,0
DA:62,0
DA:65,0
DA:75,0
DA:79,0
DA:92,0
DA:93,0
DA:96,0
DA:106,0
DA:108,0
DA:110,0
DA:111,0
DA:116,0
DA:117,0
DA:133,0
DA:134,0
DA:135,0
DA:138,0
DA:143,0
DA:144,0
DA:145,0
DA:147,0
DA:164,1
LF:30
LH:2
BRDA:11,0,0,0
BRDA:11,0,1,0
BRDA:12,1,0,0
BRDA:12,1,1,0
BRDA:47,2,0,0
BRDA:58,3,0,0
BRDA:58,3,1,0
BRDA:77,4,0,0
BRDA:77,4,1,0
BRDA:144,5,0,0
BRDA:144,5,1,0
BRF:11
BRH:0
end_of_record
TN:
SF:src\Services\getProducts.tsx
FN:5,fetchProducts
FN:11,(anonymous_1)
FN:14,(anonymous_2)
FNF:3
FNH:0
FNDA:0,fetchProducts
FNDA:0,(anonymous_1)
FNDA:0,(anonymous_2)
DA:3,1
DA:5,1
DA:6,0
DA:12,0
DA:15,0
LF:5
LH:2
BRF:0
BRH:0
end_of_record
TN:
SF:src\Services\postOrders.tsx
FN:3,postOrders
FN:12,(anonymous_1)
FN:15,(anonymous_2)
FNF:3
FNH:0
FNDA:0,postOrders
FNDA:0,(anonymous_1)
FNDA:0,(anonymous_2)
DA:1,1
DA:3,1
DA:4,0
DA:13,0
DA:16,0
LF:5
LH:2
BRF:0
BRH:0
end_of_record
