TN:
SF:src\Components\Login\Login.components.tsx
FN:3,Logo
FN:11,InputEmail
FN:42,InputPassword
FN:75,ButtonSumbit
FN:88,IconsFood
FNF:5
FNH:5
FNDA:4,Logo
FNDA:4,InputEmail
FNDA:4,InputPassword
FNDA:4,ButtonSumbit
FNDA:4,IconsFood
DA:4,4
DA:18,4
DA:49,4
DA:76,4
DA:89,4
DA:98,1
LF:6
LH:6
BRF:0
BRH:0
end_of_record
TN:
SF:src\Components\Login\Login.tsx
FN:13,Login
FN:32,(anonymous_1)
FN:49,(anonymous_2)
FN:53,(anonymous_3)
FNF:4
FNH:4
FNDA:4,Login
FNDA:1,(anonymous_1)
FNDA:1,(anonymous_2)
FNDA:1,(anonymous_3)
DA:1,1
DA:9,1
DA:10,1
DA:11,1
DA:14,4
DA:15,4
DA:16,4
DA:17,4
DA:19,4
DA:24,4
DA:32,4
DA:33,1
DA:34,1
DA:36,1
DA:37,0
DA:41,4
DA:49,1
DA:53,1
DA:65,1
LF:19
LH:18
BRDA:36,0,0,0
BRDA:56,1,0,4
BRDA:56,1,1,1
BRF:3
BRH:2
end_of_record
TN:
SF:src\Services\auth.tsx
FN:5,loginAPI
FN:8,(anonymous_1)
FN:14,(anonymous_2)
FN:21,(anonymous_3)
FNF:4
FNH:2
FNDA:1,loginAPI
FNDA:0,(anonymous_1)
FNDA:0,(anonymous_2)
FNDA:1,(anonymous_3)
DA:3,1
DA:5,1
DA:7,1
DA:9,0
DA:10,0
DA:12,0
DA:15,0
DA:16,0
DA:17,0
DA:18,0
DA:22,1
DA:23,1
LF:12
LH:5
BRDA:9,0,0,0
BRF:1
BRH:0
end_of_record
